|SourceProjectName:Dolphin - Online Help.hpr
|DestinationProjectName:Dolphin_-_Online_Help.htm
whhost.js
whmsg.js
whmozemu.js
whproxy.js
whstub.js
whutils.js
whver.js
whform.js
whphost.js
whstart.js
whtopic.js
whframes.js
whlang.js
whskin_info.htm
whskin_blank.htm
whskin_pickup.htm
whskin_homepage.htm
whskin_tw.htm
whnjs.htm
whthost.js
whtdhtml.htm
whihost.js
whibody.htm
whiform.htm
whfhost.js
whfbody.htm
whfform.htm
whghost.js
whgbody.htm
whgdhtml.htm
whgdef.htm
whproj.js
whproj.xml
whproj.htm
whxdata\whtoc.xml
whxdata\whidx.xml
whxdata\whfts.xml
whxdata\whglo.xml
whdata\whtoc.js
whdata\whtoc.htm
whdata\whtdata.js
whdata\whidx.js
whdata\whidx.htm
whdata\whidata.js
whdata\whfts.js
whdata\whfts.htm
whdata\whglo.js
whdata\whglo.htm
whdata\whgdata.js
whdata\whftdata.js
whdata\whfwdata.js
whres.xml
WebHelp.jar
WebHelp.cab
cshdat_webhelp.htm
whcsh_home.htm
whcshdata.htm
cshdat_robohelp.htm
wht_tab0.gif
wht_tab1.gif
wht_tab2.gif
wht_tab3.gif
wht_tab4.gif
wht_tab5.gif
wht_tab6.gif
wht_tab7.gif
wht_tab8.gif
wht_glo_h.gif
wht_glo_n.gif
wht_fts_h.gif
wht_fts_n.gif
wht_idx_h.gif
wht_idx_n.gif
wht_toc_h.gif
wht_toc_n.gif
wht_ws.gif
wht_ws_g.gif
wht_logo1.gif
wht_logo2.gif
wht_abgw.jpg
wht_abgi.jpg
wht_abge.jpg
wht_abtw.jpg
wht_abte.jpg
wht_abti.jpg
wht_spac.gif
wht_next.gif
wht_next_g.gif
wht_prev.gif
wht_prev_g.gif
wht_sync.gif
wht_hide.gif
wht_go.gif
whstart.ico
whestart.ico
whrstart.ico
whidhtml.htm
whfdhtml.htm
whskin_banner.htm
whtbar.js
blueback.gif
content.gif
index.gif
search.gif
other_index.gif
go.gif
leftarrow.gif
r01.gif
rightarrow.gif
r02.gif
directional.gif
close.gif
urls.gif
book_closed.gif
bookopen.gif
page.gif
whskin_pdhtml.htm
whskin_papplet.htm
whskin_plist.htm
whskin_tbars.htm
whskin_mbars.htm
whskin_frmset010.htm
whst_topics.xml
whskin_frmset01.htm
whskin_ep_ins.xml
whskin_ep_start.htm
Dolphin_-_Online_Help_hha.hhk
Dolphin_-_Online_Help.hhc
Dolphin_-_Online_Help.hhk
BIZ\CA\Default.htm
BIZ\CA\How_to_Create_a_Code_for_Division_Master.htm
BIZ\CA\How_to_Create_a_Code_for_Shipment_Term.htm
BIZ\CA\How_to_Create_a_Code_for_Terms_and_Conditions.htm
BIZ\CA\How_to_create_a_Comment_Category.htm
BIZ\CA\How_to_Create_a_Commodity.htm
BIZ\CA\How_to_Create_a_Commodity_Group.htm
BIZ\CA\How_to_Create_a_Consortium_Code.htm
BIZ\CA\How_to_Create_a_Control_Zone.htm
BIZ\CA\How_to_Create_a_Country.htm
BIZ\CA\How_to_Create_a_Depot.htm
BIZ\CA\How_to_Create_a_Package_Kind_for_Booking_and_BL_Preparation.htm
BIZ\CA\How_to_Create_a_Package_Material.htm
BIZ\CA\How_to_Create_a_Provinces_in_China.htm
BIZ\CA\How_to_Create_a_Region.htm
BIZ\CA\How_to_Create_a_Salesman_Code.htm
BIZ\CA\How_to_Create_a_Service_Code.htm
BIZ\CA\How_to_Create_a_Service_Group_Code.htm
BIZ\CA\How_to_Create_a_System_Level.htm
BIZ\CA\How_to_Create_a_Terminal.htm
BIZ\CA\How_to_Create_a_Zone_Laem_chabang.htm
BIZ\CA\How_to_Create_an_Area.htm
BIZ\CA\How_to_Create_an_E_Mail_ID.htm
BIZ\CA\How_to_Create_an_Inland_Point.htm
BIZ\CA\How_to_Create_an_Ocean_Port_and_Related_River_Ports.htm
BIZ\CA\How_to_Create_RCL_Owned_Vessel_Deployed_In_Particular_Service.htm
BIZ\CA\How_to_Setup_an_FSC.htm
BIZ\CRM\Default.htm
BIZ\CRM\How_to_create_a_New_Account.htm
BIZ\EDI\Default.htm
BIZ\EDI\How_to_Generate_COARRI_EDI_Load_and_Discharge_Message.htm
BIZ\EDI\How_to_Look_Up_Equipment_Moves_in_EDI.htm
BIZ\EDI\How_to_Track_EDI_Messages.htm
BIZ\EMS\Default.htm
BIZ\EMS\How_to_Deploy_the_New_built_Container_into_the_RCL_Fleet.htm
BIZ\EMS\How_to_Handle_Container_Damaged_and_Rework.htm
BIZ\EMS\How_to_Handle_Container_Disposal.htm
BIZ\EMS\How_to_Handle_Container_Repair.htm
BIZ\EMS\How_to_Handle_Custom_Detained_Container.htm
BIZ\EMS\How_to_Handle_In_land_Movement.htm
BIZ\EMS\How_to_Handle_Re_export_Container.htm
BIZ\EMS\How_to_Handle_Total_Lost_Container.htm
BIZ\EMS\How_to_Modify_EDI_Hard_Errors.htm
BIZ\EMS\How_to_Modify_EDI_Soft_Errors.htm
BIZ\EMS\How_to_Off_hiring_Containers_Back_to_Lessor.htm
BIZ\EMS\How_to_Update_Container_Equipment_Activities.htm
BIZ\STR\Default.htm
BIZ\STR\How_to_Handle_Releasing_Container_to_Shipper_Pool.htm
BIZ\VMS\How_to_Create_a_Slot_Exchange_Partner_as_Vendor.htm
Default.htm
DolphinAcademy\Default.htm
DolphinAcademy\Online_Training_Movies.htm
HLP\CA\Agent_List_Maintenance.htm
HLP\CA\Area.htm
HLP\CA\Area_Maintenance.htm
HLP\CA\Arrival_Messages.htm
HLP\CA\Charge_Group.htm
HLP\CA\Comment_Category.htm
HLP\CA\Comment_Category_Maintenance.htm
HLP\CA\Commodity.htm
HLP\CA\Commodity_Group.htm
HLP\CA\Commodity_Group_Local_Language.htm
HLP\CA\Commodity_Group_Maintenance.htm
HLP\CA\Commodity_Maintenance.htm
HLP\CA\Consortium_Code.htm
HLP\CA\Consortium_Code_Maintenance.htm
HLP\CA\Content_Type.htm
HLP\CA\Content_Type_Maintenance.htm
HLP\CA\Control_Zone.htm
HLP\CA\Control_Zone_Maintenance.htm
HLP\CA\Country.htm
HLP\CA\Country_Maintenance.htm
HLP\CA\Country_Restrictions_Maintenance.htm
HLP\CA\Department_Maintenance.htm
HLP\CA\Depot_Maintenance.htm
HLP\CA\Depot_Master.htm
HLP\CA\Depot_Name_Multi_Language.htm
HLP\CA\Division_Master.htm
HLP\CA\Division_Master_Maintenance.htm
HLP\CA\Dunning_Message_Maintenance.htm
HLP\CA\E_Mail_Expression.htm
HLP\CA\E_Mail_ID_List.htm
HLP\CA\E_Mail_ID_Maintenance.htm
HLP\CA\E_Mail_Message_Disclaimer_Notification.htm
HLP\CA\Email_Expression.htm
HLP\CA\Equipment_Category.htm
HLP\CA\Equipment_Category_Code_Maintenance.htm
HLP\CA\Equipment_Type.htm
HLP\CA\Equipment_Type_Code_Maintenance.htm
HLP\CA\Exchange_Rate_Inquiry.htm
HLP\CA\FSC.htm
HLP\CA\FSC_Maintenance.htm
HLP\CA\Gang_Shift_Popup_Screen.htm
HLP\CA\Inland_Point.htm
HLP\CA\Inland_Point_Maintenance.htm
HLP\CA\Local_Language_Setting.htm
HLP\CA\Local_Language_Setting1.htm
HLP\CA\Local_Language_Setting12.htm
HLP\CA\Local_Language_Setting123.htm
HLP\CA\Local_Language_Setting1234.htm
HLP\CA\Local_Language_Setting12345.htm
HLP\CA\Local_Language_Setting123456.htm
HLP\CA\Notify_Users_Maintenance.htm
HLP\CA\Package_Kind.htm
HLP\CA\Package_Kind_Maintenance.htm
HLP\CA\Package_Material.htm
HLP\CA\Package_Material_Maintenance.htm
HLP\CA\Port.htm
HLP\CA\Port_Maintenance.htm
HLP\CA\Rate_Setup.htm
HLP\CA\Region.htm
HLP\CA\Region_Maintenance.htm
HLP\CA\Region_Maintenance1.htm
HLP\CA\ROE_Table.htm
HLP\CA\ROE_Table_Maintenance.htm
HLP\CA\Salesman.htm
HLP\CA\Salesman_Maintenance.htm
HLP\CA\Service.htm
HLP\CA\Service_Group_Code.htm
HLP\CA\Service_Group_Code_Maintenance.htm
HLP\CA\Service_Maintenance.htm
HLP\CA\Shipment_Term.htm
HLP\CA\Shipment_Term_Maintenance.htm
HLP\CA\State.htm
HLP\CA\State_Maintenance.htm
HLP\CA\System_Levels.htm
HLP\CA\System_Levels_Maintenance.htm
HLP\CA\Terminal.htm
HLP\CA\Terminal_Name_Multi_Language.htm
HLP\CA\Terminal_Operator_Popup_Screen.htm
HLP\CA\Terminal_Setup.htm
HLP\CA\Terms_and_Conditions.htm
HLP\CA\Terms_Conditions_Details.htm
HLP\CA\Terms_Conditions_E_Mail_Disclaimer.htm
HLP\CA\Turn_Time.htm
HLP\CA\Vessel.htm
HLP\CA\Vessel_Capacity.htm
HLP\CA\Vessel_History.htm
HLP\CA\Vessel_Local_Language_Setting.htm
HLP\CA\Vessel_Maintenance.htm
HLP\CA\Vessel_Maintenance1.htm
HLP\CA\Zone.htm
HLP\CA\Zone_Maintenance.htm
HLP\CRM\Customer_Profile.htm
HLP\CRM\Customer_Profile_Contacts.htm
HLP\CRM\Customer_Profile_Maintenance.htm
HLP\CRM\Customer_Profile_Maintenance1.htm
HLP\CRM\Customer_Profile_Multi_Language.htm
HLP\CRM\Customer_Search.htm
HLP\CRM\Default.htm
HLP\CRM\Document_Master.htm
HLP\CRM\Document_Master_Maintenance.htm
HLP\CRM\Filter_Name.htm
HLP\CRM\Industry_Master.htm
HLP\CRM\Industry_Master_Maintenance.htm
HLP\CRM\New_Account.htm
HLP\CRM\New_Account_Maintenance.htm
HLP\CRM\New_Account_Maintenance1.htm
HLP\CRM\New_Account_Multi_Language.htm
HLP\CRM\Operator_Code.htm
HLP\CRM\Operator_Code_Maintenance.htm
HLP\CRM\Organization_Type.htm
HLP\CRM\Organization_Type_Maintenance.htm
HLP\CRM\Print_New_Customer_Inquiry.htm
HLP\CRM\Print_New_Customer_Inquiry_Report.htm
HLP\CTF\CtfReportPortSurchargeRatesHlp\Default.htm
HLP\CTF\CtfSetupLocationRestrictionMaintenance\Default.htm
HLP\CTF\CtfSetupLocationRestrictionMaintenance\Maintenance.htm
HLP\CTF\CtfSetupLocationRestrictionMaintenance\Maintenance_–_Other_Restrictions.htm
HLP\CTF\CtfSetupLocationRestrictionMaintenance\Maintenance_–_Other_Restrictions_by_Location_Pair.htm
HLP\CTF\CtfSetupPortGroupHlp\Port_Group_Maintenance.htm
HLP\CTF\CtfTariffGlobalRateChangesHlp\Expire_Port_Surcharge_Rates.htm
HLP\CTF\CtfTariffGlobalRateChangesHlp\Extend_Port_Surcharge_Rates.htm
HLP\CTF\CtfTariffGlobalRateChangesHlp\Maintenance_–_Affected_Quotation.htm
HLP\CTF\CtfTariffGlobalRateChangesHlp\Maintenance_–_Expire_Extend_Port_Surcharge_Rates.htm
HLP\CTF\CtfTariffGlobalRateChangesHlp\Maintenance_–_Modify_Guideline_Rates.htm
HLP\CTF\CtfTariffGlobalRateChangesHlp\Maintenance_–_Modify_Port_Surcharge_Rates.htm
HLP\CTF\CtfTariffGlobalRateChangesHlp\Modify_Final_Guideline_Rates.htm
HLP\CTF\CtfTariffGlobalRateChangesHlp\Modify_Port_Surcharge_Rates.htm
HLP\CTF\CtfTariffGlobalRateChangesHlp\Search_List_–_Modify_Open_Guideline_Rates.htm
HLP\CTF\CtfTariffGuidelineRatesHlp\Maintenance.htm
HLP\CTF\CtfTariffGuidelineRatesHlp\Search_List.htm
HLP\CTF\CtfTariffPortSurchargeRatesHlp\Maintenance_Export.htm
HLP\CTF\CtfTariffPortSurchargeRatesHlp\Maintenance_Import.htm
HLP\CTF\CtfTariffPortSurchargeRatesHlp\Maintenance_–_Import_Surcharge_Rates.htm
HLP\CTF\CtfTariffPortSurchargeRatesHlp\Maintenance_–_Transshipment.htm
HLP\CTF\CtfTariffPortSurchargeRatesHlp\Port_Surcharge_Rates_Search_List.htm
HLP\CTF\Global_Rate_Changes.htm
HLP\CTF\Guideline_Rates.htm
HLP\CTF\Guideline_Rates_Report.htm
HLP\CTF\Location_Restrictions.htm
HLP\CTF\Port_Group.htm
HLP\CTF\Port_Surcharge_Rates.htm
HLP\CTF\Port_Surcharge_Rates_Report.htm
HLP\EDI\Default.htm
HLP\EDI\EDI_COARRI_Load_and_Discharge.htm
HLP\EDI\EDI_Equipment_Enquiry.htm
HLP\EDI\EDI_Message_Tracking.htm
HLP\ELS\Contract_Upload.htm
HLP\ELS\Convert_Long_Term_To_Purchase.htm
HLP\ELS\Convert_Long_Term_to_Purchase_Maintenance.htm
HLP\ELS\Default.htm
HLP\ELS\Estimated_Rental_Charges.htm
HLP\ELS\Estimated_Rental_Charges_Report.htm
HLP\ELS\Estimated_Rental_Charges_Search.htm
HLP\ELS\Lease_Authorization.htm
HLP\ELS\Lease_Authorization_Maintenance.htm
HLP\ELS\Lease_Charges_By_Period.htm
HLP\ELS\Lease_Charges_By_Period_Report.htm
HLP\ELS\Lease_Charges_Calculation.htm
HLP\ELS\Lease_Contract_Comparison.htm
HLP\ELS\Lease_Contract_Comparison_Inquiry.htm
HLP\ELS\Lease_Contract_Inquiry.htm
HLP\ELS\Lease_Contract_Inquiry_Report.htm
HLP\ELS\Lease_Contract_Maintenance_By_Volume.htm
HLP\ELS\Lease_Contract_Preview.htm
HLP\ELS\Lease_Contract_Rate_Maintenance.htm
HLP\ELS\Lease_Contract_Setup.htm
HLP\ELS\Lease_Pro_Forma_Extraction.htm
HLP\ELS\Lease_Proforma.htm
HLP\ELS\Leased_Equipment_Browser_List.htm
HLP\ELS\Lessor_Lessee_Code_Maintenance.htm
HLP\ELS\Lessor_Lessee_Master.htm
HLP\ELS\Monthly_Leasing_Activity_Report.htm
HLP\ELS\Monthly_Leasing_Activity_Report_PDF_Report_Screen.htm
HLP\ELS\Monthly_Leasing_Container_Report.htm
HLP\ELS\Monthly_Sublease_Activity_Report.htm
HLP\ELS\On_Off_Hired_Units.htm
HLP\ELS\Proforma_Detail.htm
HLP\ELS\Proforma_Generation.htm
HLP\ELS\Proforma_Summary.htm
HLP\ELS\Sublease_Authorization.htm
HLP\ELS\Sublease_Authorization_Maintenance.htm
HLP\ELS\Sublease_Billing_Calculation.htm
HLP\ELS\Sublease_Billing_History_Equipment_Wise.htm
HLP\ELS\Sublease_Billing_Invoice_Generation.htm
HLP\ELS\Sublease_Contract.htm
HLP\ELS\Sublease_Contract_Maintenance.htm
HLP\EMS\Activity_Code_Setup.htm
HLP\EMS\Activity_Group_List.htm
HLP\EMS\Activity_Group_Maintenance.htm
HLP\EMS\Activity_Group_Setup.htm
HLP\EMS\Activity_Pair_Maintenance.htm
HLP\EMS\Activity_Pair_Setup.htm
HLP\EMS\Activity_Reporting_Group.htm
HLP\EMS\Activity_Reporting_Group_Maintenance.htm
HLP\EMS\Auto_Discharge.htm
HLP\EMS\Auto_Discharge_List.htm
HLP\EMS\Auto_Load.htm
HLP\EMS\Auto_Load_List.htm
HLP\EMS\Availability_Details_By_Port_Point.htm
HLP\EMS\Available_Forecast_Booked.htm
HLP\EMS\Available_Unconfirmed_Confirmed.htm
HLP\EMS\Bulk_Move_Correction.htm
HLP\EMS\Bulk_Move_Correction_Search.htm
HLP\EMS\Business_Restriction_Exemption_Approval.htm
HLP\EMS\Business_Restriction_Exemption_Approval_Maintenance.htm
HLP\EMS\Business_Restriction_Exemption_Request.htm
HLP\EMS\Business_Restriction_Exemption_Request_Maintenance.htm
HLP\EMS\Charge_Code_Link_Setup.htm
HLP\EMS\Charge_Code_Maintenance.htm
HLP\EMS\Commodity_Details.htm
HLP\EMS\Commodity_History.htm
HLP\EMS\Companion_Equipment.htm
HLP\EMS\Default.htm
HLP\EMS\EDI_Hard_and_Soft_Error_Handling.htm
HLP\EMS\Equipment_Activity_Code_List.htm
HLP\EMS\Equipment_Activity_Code_Maintenance.htm
HLP\EMS\Equipment_Availability.htm
HLP\EMS\Equipment_Browser.htm
HLP\EMS\Equipment_Browser1.htm
HLP\EMS\Equipment_Browser12.htm
HLP\EMS\Equipment_Browser123.htm
HLP\EMS\Equipment_Business_Restriction_Maintenance.htm
HLP\EMS\Equipment_Business_Restriction_Setup.htm
HLP\EMS\Equipment_Exception_Inquiry.htm
HLP\EMS\Equipment_Exception_Inquiry_Search_List.htm
HLP\EMS\Equipment_Exception_Report.htm
HLP\EMS\Equipment_Grade.htm
HLP\EMS\Equipment_Grade1.htm
HLP\EMS\Equipment_Grade_Maintenance.htm
HLP\EMS\Equipment_History.htm
HLP\EMS\Equipment_History1.htm
HLP\EMS\Equipment_History12.htm
HLP\EMS\Equipment_History123.htm
HLP\EMS\Equipment_History_Report.htm
HLP\EMS\Equipment_History_Report1.htm
HLP\EMS\Equipment_Inquiry.htm
HLP\EMS\Equipment_Master_List.htm
HLP\EMS\Equipment_Master_Maintenance_For_Chassis.htm
HLP\EMS\Equipment_Master_Maintenance_For_GP_Container.htm
HLP\EMS\Equipment_Master_Maintenance_For_Reefer_Container.htm
HLP\EMS\Equipment_Master_Setup.htm
HLP\EMS\Equipment_Move_Correction.htm
HLP\EMS\Equipment_Move_History_Report.htm
HLP\EMS\Equipment_Off_Hire_Inquiry.htm
HLP\EMS\Equipment_Off_Hire_Inquiry_History.htm
HLP\EMS\Equipment_Overdue_Inquiry.htm
HLP\EMS\Equipment_Overdue_Search.htm
HLP\EMS\Equipment_Recap_By_Activity_Group.htm
HLP\EMS\Equipment_Recap_By_Owner.htm
HLP\EMS\Equipment_Remarks_History.htm
HLP\EMS\Equipment_System_Validation.htm
HLP\EMS\Equipment_System_Validation_Maintenance.htm
HLP\EMS\Equipment_System_Validation_Search.htm
HLP\EMS\Error.htm
HLP\EMS\Error1.htm
HLP\EMS\Error12.htm
HLP\EMS\Error123.htm
HLP\EMS\Error1234.htm
HLP\EMS\Logic_Grid.htm
HLP\EMS\Logic_Grid_Maintenance.htm
HLP\EMS\Logic_Grid_Search.htm
HLP\EMS\Logistic_Flag.htm
HLP\EMS\Logistic_Flag1.htm
HLP\EMS\Logistic_Flag_Attach_Detach.htm
HLP\EMS\Logistic_Flag_Attach_Detach_List_Maintenance.htm
HLP\EMS\Logistic_Flag_Attach_Detach_Search.htm
HLP\EMS\Logistic_Flag_Maintenance.htm
HLP\EMS\Logistic_Flag_Search.htm
HLP\EMS\Logistic_Flags.htm
HLP\EMS\Mail_for_Equipment_Off_Hire_Inquiry_Report.htm
HLP\EMS\Move_Correction.htm
HLP\EMS\Move_Correction1.htm
HLP\EMS\Move_Entry.htm
HLP\EMS\Move_Entry_Maintenance.htm
HLP\EMS\Off_Hire_Direct_Interchange_Out_Maintenance.htm
HLP\EMS\Off_Hire_Move.htm
HLP\EMS\On_Off_Hire.htm
HLP\EMS\Pending_Authorization_Off_Hired.htm
HLP\EMS\Pending_Authorization_On_Hired.htm
HLP\EMS\Populate_Serial_Range.htm
HLP\EMS\Remarks.htm
HLP\EMS\Serial_Master.htm
HLP\EMS\Serial_Master_Search.htm
HLP\EMS\Show_History.htm
HLP\EMS\Stowage_Details.htm
HLP\EMS\Sublease_Move_Entry.htm
HLP\EMS\Sublease_Move_Entry_Maintenance.htm
HLP\EMS\Transport_Details.htm
HLP\EMS\Turn_Around_Time_Activities.htm
HLP\EMS\Turn_Around_Time_Activity_Maintenance.htm
HLP\EMS\Turn_Around_Time_Activity_Search.htm
HLP\QTN\ApprovalBbk\Charges_Tab.htm
HLP\QTN\ApprovalBbk\Contribution_Tabs.htm
HLP\QTN\ApprovalBbk\Maintenance_Tab.htm
HLP\QTN\ApprovalDnd\Default.htm
HLP\QTN\ApprovalDnd\Detention_and_Demurrage_Tab.htm
HLP\QTN\ApprovalDnd\Maintenance_Tab.htm
HLP\QTN\ApprovalEe\Default.htm
HLP\QTN\ApprovalEe\Maintenance_Tab.htm
HLP\QTN\ApprovalEe\Other_screens_and_tab_sheets.htm
HLP\QTN\ApprovalRate\Charges_Tab.htm
HLP\QTN\ApprovalRate\Default.htm
HLP\QTN\ApprovalRate\Maintenance_Tab.htm
HLP\QTN\ApprovalRate\Other_screens_and_tab_sheets.htm
HLP\QTN\Entry\Charges_Tab.htm
HLP\QTN\Entry\Comments_Tab.htm
HLP\QTN\Entry\Container_Commodity_Tab.htm
HLP\QTN\Entry\Contribution_Tab.htm
HLP\QTN\Entry\Customers_Tab.htm
HLP\QTN\Entry\Default.htm
HLP\QTN\Entry\Detention_and_Demurrage_Tab.htm
HLP\QTN\Entry\Maintenance_Tab.htm
HLP\QTN\Entry\Maintenance_Tab_–_Approval_Details.htm
HLP\QTN\Entry\Quotation_Print_Tab.htm
HLP\QTN\Entry\Routing_Tab.htm
HLP\QTN\Inquiry\Default.htm
HLP\QTN\InquiryProductCatalogue\Default.htm
HLP\QTN\Product_Catalogue.htm
HLP\QTN\Quotation_BBK_Approval.htm
HLP\QTN\Quotation_DND_Approval.htm
HLP\QTN\Quotation_EE_Approval.htm
HLP\QTN\Quotation_Entry.htm
HLP\QTN\Quotation_Inquiry.htm
HLP\QTN\Quotation_Rate_Approval.htm
HLP\STR\Default.htm
HLP\STR\Depot_Move_Maintenance.htm
HLP\STR\Depot_Move_Maintenance1.htm
HLP\STR\Depot_Storage_Rate_Setup.htm
HLP\STR\Depot_Storage_Rate_Setup_Charges.htm
HLP\STR\Depot_Storage_Rate_Setup_Maintenance.htm
HLP\STR\Proforma_Detail.htm
HLP\STR\Proforma_List.htm
HLP\STR\Proforma_Summary.htm
HLP\STR\Storage_Charges_Calculation.htm
HLP\STR\Storage_Charges_Calculation_Maintenance.htm
HLP\STR\Storage_Proforma_Generation.htm
HLP\STR\VAT_TAX_Recovery_Report.htm
HLP\VMS\Default.htm
HLP\VMS\Multi_Language_Address_Input.htm
HLP\VMS\Vendor_Bank_Maintenance.htm
HLP\VMS\Vendor_Category_Maintenance.htm
HLP\VMS\Vendor_Code.htm
HLP\VMS\Vendor_Code_Authorization.htm
HLP\VMS\Vendor_Code_Maintenance.htm
HLP\VSS\Default.htm
HLP\VSS\Delete_Voyage.htm
HLP\VSS\Direct_Entry_Proforma.htm
HLP\VSS\Direct_Entry_Proforma_Maintenance.htm
HLP\VSS\Port_Distance.htm
HLP\VSS\Terminal_Cut_off_Time.htm
HLP\VSS\Terminal_Cut_off_Time_Maintenance.htm
HLP\VSS\Vessel_Assignment.htm
HLP\VSS\Vessel_Assignment1.htm
HLP\VSS\Vessel_Replacement.htm
HLP\VSS\Voyage_Formula_Setup.htm
HLP\VSS\Voyage_Schedule.htm
Login.htm
SOP\CA\Area.htm
SOP\CA\Comment_Category.htm
SOP\CA\Commodity.htm
SOP\CA\Commodity_Group.htm
SOP\CA\Consortium_Code.htm
SOP\CA\Control_Zone.htm
SOP\CA\Country.htm
SOP\CA\Default.htm
SOP\CA\Depot.htm
SOP\CA\Division_Master.htm
SOP\CA\E_Mail_ID.htm
SOP\CA\Equipment_Category.htm
SOP\CA\Equipment_Type.htm
SOP\CA\Function_Support_Centre_FSC.htm
SOP\CA\Inland_Point.htm
SOP\CA\Package_Kind.htm
SOP\CA\Package_Material.htm
SOP\CA\Port.htm
SOP\CA\Region.htm
SOP\CA\Salesman.htm
SOP\CA\Service.htm
SOP\CA\Service1.htm
SOP\CA\Shipment_Term.htm
SOP\CA\State.htm
SOP\CA\System_Level.htm
SOP\CA\Terminal.htm
SOP\CA\Terms_and_Conditions.htm
SOP\CA\Vessel.htm
SOP\CA\Zone.htm
SOP\CRM\Customer_Profile.htm
SOP\CRM\Default.htm
SOP\CRM\Document_Master.htm
SOP\CRM\Filter_Name.htm
SOP\CRM\Industry_Master.htm
SOP\CRM\New_Account.htm
SOP\CRM\Operator_Code.htm
SOP\CRM\Organization_Type.htm
SOP\CRM\Print_New_Customer.htm
SOP\CSPU\Forecast_Booking_FOBO_SOP.htm
SOP\EDI\Default.htm
SOP\EDI\EDI_Equipment_Enquiry.htm
SOP\EDI\EDI_Message_Tracking.htm
SOP\EDI\Generate_COARRI_EDI_Load_and_Discharge_Messages.htm
SOP\ELS\Default.htm
SOP\ELS\Direct_Interchange.htm
SOP\ELS\Leasing_Proforma.htm
SOP\ELS\Pick_Up_Container.htm
SOP\EMS\Default.htm
SOP\EMS\Modifying_EDI_Hard_and_Soft_Errors.htm
SOP\EMS\Modifying_Hard_and_Soft_Errors.htm
SOP\IJS\Haulage_Location.htm
SOP\IJS\Location_Code.htm
SOP\SBL\Cabotage.htm
SOP\SBL\Default.htm
SOP\STR\Depot_Storage_Contract_Creation_Amendment_SOP.htm
SOP\STR\Depot_Storage_Invoice_Dispute.htm
SOP\STR\Depot_Storage_Purchase_Order_PO_Generation.htm
Support.htm
Todos_DolphinOnlineHelp.htm
Welcome.htm
ApplicationHelp.htm
defaulthelp.jsp
defaulthelpOLD.jsp
index.jsp
name.xml
openhelp.jsp
RoboHHRE.lng
Dolphin_-_Online_Help.glo
HLP\VSS\Default.css
HLP\EDI\Default.css
HLP\EMS\Default.css
HLP\VMS\Default.css
HLP\ELS\Default.css
HLP\CRM\Default.css
HLP\STR\Default.css
HLP\CA\Default.css
DolphinAcademy\Default.css
BIZ\EDI\Default.css
BIZ\EMS\Default.css
BIZ\CRM\Default.css
BIZ\STR\Default.css
BIZ\CA\Default.css
default.css
SOP\EDI\Default.css
SOP\EMS\Default.css
SOP\SBL\Default.css
SOP\ELS\Default.css
SOP\CRM\Default.css
SOP\CA\Default.css
SOP\STR\Default.css
SOP\IJS\Default.css
SOP\CSPU\Default.css
BIZ\VMS\Default.css
HLP\QTN\Entry\Default.css
HLP\QTN\InquiryProductCatalogue\Default.css
HLP\QTN\ApprovalBbk\QtnBbkApprovalHlp.css
HLP\QTN\ApprovalRate\Default.css
HLP\QTN\Inquiry\Default.css
HLP\QTN\ApprovalEe\Default.css
HLP\QTN\ApprovalDnd\Default.css
HLP\CTF\CtfSetupLocationRestrictionMaintenance\Default.css
HLP\CTF\CtfSetupPortGroupHlp\Default.css
HLP\CTF\CtfTariffPortSurchargeRatesHlp\Default.css
HLP\CTF\CtfTariffGuidelineRatesHlp\Default.css
HLP\CTF\CtfTariffGlobalRateChangesHlp\Default.css
HLP\CTF\CtfReportPortSurchargeRatesHlp\Default.css
HLP\CTF\CtfReportGuidelineRatesHlp\Default.css
HLP\CTF\CtfTariffGlobalRateChangesHlp\CtfTariffGlobalRateChangesHlp_files\image018.jpg
HLP\QTN\ApprovalDnd\QtnDndApprovalHlp_files\image008.jpg
HLP\QTN\ApprovalEe\QtnEeApprovalHlp_files\image012.jpg
HLP\QTN\ApprovalRate\QtnRateApprovalHlp_files\image014.jpg
HLP\QTN\Entry\QtnQuotationEntryHlp_files\image002.jpg
HLP\QTN\Entry\QtnQuotationEntryHlp_files\image024.jpg
HLP\QTN\Entry\QtnQuotationEntryHlp_files\image046.jpg
HLP\QTN\Entry\QtnQuotationEntryHlp_files\image068.jpg
SOP\CSPU\CspuForcastBookingFoboSop_files\image002.jpg
SOP\IJS\IjsHaulageLocationSop_files\image002.jpg
SOP\STR\StrDepotStoragePurchaseOrderGenerationSop_files\image002.jpg
SOP\CA\CaAdministrationFscSop_files\image002.jpg
SOP\EMS\EmsEDIHardSoftErrorHandlingSop_files\image002.jpg
BIZ\CA\CaTerminalBiz_files\image004.jpg
BIZ\CA\CAStateBiz_files\image006.gif
BIZ\CA\CACommodityGroupBiz_files\image004.jpg
BIZ\CA\CaVesselBiz_files\image002.jpg
BIZ\CA\CACommodityBiz_files\image006.jpg
BIZ\CA\CAPackageMaterialBiz_files\image002.jpg
HLP\CA\CaServiceHlp_files\image008.jpg
HLP\CA\CaAdministrationOfFscHlp_files\image004.jpg
HLP\CA\CaConsortiumCodeHlp_files\image006.jpg
HLP\CA\CaControlZoneHlp_files\image004.jpg
HLP\CA\CaPackageKindHlp_files\image004.jpg
HLP\CA\CaRateSetupHlp_files\image006.jpg
HLP\CA\CaTermsAndConditionsHlp_files\image002.jpg
HLP\CA\CaCommentCategoryHlp_files\image012.jpg
HLP\CA\CaSalesmanHlp_files\image002.jpg
HLP\CA\CaVesselHlp_files\image014.jpg
HLP\CRM\CrmCustomerProfileHlp_files\image010.jpg
HLP\CRM\CrmNewAccountHlp_files\image024.jpg
HLP\CRM\CrmNewAccountHlp_files\image002.jpg
HLP\CRM\CrmDocumentMasterHlp_files\image004.jpg
HLP\ELS\EquipmentSubleaseMaintenanceSubleaseContractHlp_files\image028.jpg
HLP\ELS\EquipmentSubleaseMaintenanceSubleaseContractHlp_files\image006.jpg
HLP\ELS\EquipmentSubleaseMaintenanceSubleaseContractHlp_files\image039.jpg
HLP\ELS\EquipmentSubleaseBillingReportsSubleaseBillingCalculationHlp_files\image006.jpg
HLP\ELS\EmsLeaseMaintenanceLeaseContractHlp_files\image022.jpg
HLP\ELS\EmsLeaseMaintenanceLeaseContractHlp_files\image044.jpg
HLP\ELS\EmsLeaseMaintenanceLeaseContractHlp_files\image010.jpg
HLP\ELS\EmsLeaseMaintenanceLeaseAuthorizationHlp_files\image022.jpg
HLP\ELS\EmsLeaseProformaLeaseChargesCalculationHlp_files\image010.jpg
HLP\ELS\EquipmentLeaseReportsLeaseChargesByPeriodHlp_files\image002.jpg
HLP\ELS\EquipmentLeaseSetupLessorLesseeMasterHlp_files\image018.jpg
HLP\ELS\EquipmentSubleaseMaintenanceSubleaseAuthorizationHlp_files\image022.jpg
HLP\ELS\EquipmentSubLeaseMonthlySubleaseActivityReportHlp_files\image004.jpg
HLP\VMS\VmsVendorCodeHlp_files\image020.jpg
HLP\EMS\EquipmentTrackingSetupActivityCodeSetupHlp_files\image004.jpg
HLP\EMS\EquipmentTrackingSetupChargeCodeLinkSetupHlp_files\image002.jpg
HLP\EMS\EquipmentTrackingInquiryEquipmentInquiryHlp_files\image010.jpg
HLP\EMS\EquipmentTrackingOperationsOnOffHireHlp_files\image008.jpg
HLP\EMS\EquipmentTrackingInquiryEquipmentAvailabilityInquiryHlp_files\image018.jpg
HLP\EMS\EquipmentTrackingOperationsLogisticFlagAttachDetachHlp_files\image006.jpg
HLP\EMS\EquipmentTrackingInquiryEquipmentOffHireInquirytHlp_files\image002.jpg
HLP\EMS\EquipmentTrackingInquiryEquipmentOffHireInquirytHlp_files\image024.jpg
HLP\EDI\EquipmentEDIMessageTrackingHlp_files\image002.jpg
HLP\CTF\CtfTariffGlobalRateChangesHlp\CtfTariffGlobalRateChangesHlp_files\image008.jpg
HLP\CTF\CtfTariffPortSurchargeRatesHlp\CtfTariffPortSurchargeRatesHlp_files\image006.jpg
HLP\QTN\ApprovalEe\QtnEeApprovalHlp_files\image002.jpg
HLP\QTN\ApprovalRate\QtnRateApprovalHlp_files\image004.jpg
HLP\QTN\Entry\QtnQuotationEntryHlp_files\image014.jpg
HLP\QTN\Entry\QtnQuotationEntryHlp_files\image036.jpg
HLP\QTN\Entry\QtnQuotationEntryHlp_files\image058.jpg
SOP\CA\CaCommodityGroupSop_files\image002.jpg
SOP\CA\CaTerminalSop_files\image001.gif
SOP\CRM\CrmPrintNewCustomerSop_files\image002.jpg
SOP\CRM\CrmCustomerProfileSop_files\image002.jpg
BIZ\CA\CASalesmanBiz_files\image006.jpg
BIZ\CA\CaAreaBiz_files\image003.jpg
BIZ\CA\CaDepotBiz_files\image002.jpg
HLP\CA\CaEquipmentTypeHlp_files\image002.jpg
HLP\CA\CaPortHlp_files\image002.jpg
HLP\CA\CaTermsAndConditionsHlp_files\image014.jpg
HLP\CA\CaCommentCategoryHlp_files\image002.jpg
HLP\CA\CaDepotlHlp_files\image004.jpg
HLP\CA\CaStateHlp_files\image002.jpg
HLP\CA\CaVesselHlp_files\image026.jpg
HLP\CA\CaVesselHlp_files\image004.jpg
HLP\CA\CaAdministrationOfSystemLevelsHlp_files\image004.jpg
HLP\CA\CaEmailIdListHlp_files\image002.jpg
HLP\STR\StrProformaStorageChargesCalculationHlp_files\image002.jpg
HLP\CRM\CrmCustomerProfileHlp_files\image022.jpg
HLP\CRM\CrmNewAccountHlp_files\image014.jpg
HLP\ELS\EquipmentSubleaseMaintenanceSubleaseContractHlp_files\image018.jpg
HLP\ELS\EmsLeaseMaintenanceLeaseContractHlp_files\image034.jpg
HLP\ELS\EmsLeaseMaintenanceLeaseContractHlp_files\image045.jpg
HLP\ELS\EmsLeaseMaintenanceLeaseAuthorizationHlp_files\image034.jpg
HLP\ELS\EmsLeaseMaintenanceLeaseAuthorizationHlp_files\image012.jpg
HLP\ELS\EmsLeaseProformaLeaseContractInquiryHlp_files\image008.jpg
HLP\ELS\EquipmentLeaseReportsLeaseChargesByPeriodHlp_files\image014.jpg
HLP\ELS\EquipmentLeaseSetupLessorLesseeMasterHlp_files\image008.jpg
HLP\ELS\EquipmentSubleaseMaintenanceSubleaseAuthorizationHlp_files\image012.jpg
HLP\ELS\EquipmentLeaseReportsMonthlyLeasingContainerReportHlp_files\image006.jpg
HLP\VMS\VmsVendorCodeHlp_files\image010.jpg
HLP\EMS\EquipmentTrackingSetupEquipmentsystemValidationHlp_files\image004.jpg
HLP\EMS\EquipmentTrackingOperationsSubleaseMoveEntryHlp_files\image008.jpg
HLP\EMS\EquipmentEDIHardAndSoftErrorHandlingtHlp_files\image010.jpg
HLP\EMS\EquipmentTrackingOperationsAutoDischargeHlp_files\image006.jpg
HLP\EMS\EquipmentTrackingInquiryEquipmentOffHireInquirytHlp_files\image014.jpg
HLP\EMS\EquipmentTrackingOperationsMoveEntryHlp_files\image023.jpg
HLP\EMS\EquipmentTrackingOperationsMoveEntryHlp_files\image012.jpg
HLP\EDI\EquipmentEDIGenerateCOARRILoadDischargeHlp_files\image002.jpg
HLP\VSS\VssInquiryVoyageScheduleHlp_files\image002.jpg
HLP\QTN\ApprovalEe\QtnEeApprovalHlp_files\image014.jpg
HLP\QTN\ApprovalRate\QtnRateApprovalHlp_files\image016.jpg
HLP\QTN\Entry\QtnQuotationEntryHlp_files\image004.jpg
HLP\QTN\Entry\QtnQuotationEntryHlp_files\image026.jpg
HLP\QTN\Entry\QtnQuotationEntryHlp_files\image048.jpg
SOP\CA\CaAdministrationFscSop_files\image004.jpg
SOP\CA\CaDepotSop_files\image002.jpg
SOP\CA\CaZoneSop_files\image002.jpg
SOP\CA\CaCommentCategorySop_files\image002.jpg
BIZ\CA\CaAreaBiz_files\image001.gif
BIZ\CA\CaShipmentTermBiz_files\image002.jpg
HLP\CA\CaAdministrationOfFscHlp_files\image006.jpg
HLP\CA\CaPackageKindHlp_files\image006.jpg
HLP\CA\CaShipmentTermHlp_files\image002.jpg
HLP\CA\CaTerminalHlp_files\image002.jpg
HLP\CA\CaRateSetupHlp_files\image008.jpg
HLP\CA\CaTermsAndConditionsHlp_files\image004.jpg
HLP\CA\CaCommodityGroupHlp_files\image002.jpg
HLP\CA\CaSalesmanHlp_files\image004.jpg
HLP\CA\CaVesselHlp_files\image016.jpg
HLP\CRM\CrmCustomerProfileHlp_files\image012.jpg
HLP\CRM\CrmNewAccountHlp_files\image004.jpg
HLP\CRM\CrmNewAccountHlp_files\image026.jpg
HLP\CRM\CrmPrintNewCustomerHlp_files\image002.jpg
HLP\ELS\EquipmentSubleaseMaintenanceSubleaseContractHlp_files\image008.jpg
HLP\ELS\EquipmentSubleaseBillingReportsSubleaseBillingCalculationHlp_files\image008.jpg
HLP\ELS\EmsLeaseMaintenanceLeaseContractHlp_files\image024.jpg
HLP\ELS\EmsLeaseMaintenanceLeaseContractHlp_files\image012.jpg
HLP\ELS\EmsLeaseMaintenanceConvertLongtermToPurchaseHlp_files\image010.jpg
HLP\ELS\EmsLeaseMaintenanceLeaseAuthorizationHlp_files\image002.jpg
HLP\ELS\EmsLeaseMaintenanceLeaseAuthorizationHlp_files\image024.jpg
HLP\ELS\EmsLeaseProformaLeaseChargesCalculationHlp_files\image012.jpg
HLP\ELS\EquipmentLeaseProformaReportsLeaseProformaHlp_files\image010.jpg
HLP\ELS\EquipmentLeaseReportsLeaseChargesByPeriodHlp_files\image004.jpg
HLP\ELS\EquipmentSubleaseMaintenanceSubleaseAuthorizationHlp_files\image002.jpg
HLP\ELS\EquipmentSubleaseMaintenanceSubleaseAuthorizationHlp_files\image024.jpg
HLP\ELS\EquipmentSubLeaseMonthlySubleaseActivityReportHlp_files\image006.jpg
HLP\VMS\VmsVendorCodeHlp_files\image022.jpg
HLP\EMS\EquipmentTrackingSetupChargeCodeLinkSetupHlp_files\image004.jpg
HLP\EMS\EquipmentTrackingInquiryEquipmentInquiryHlp_files\image012.jpg
HLP\EMS\EquipmentTrackingInquiryEquipmentExceptionInquiryHlp_files\image002.jpg
HLP\EMS\EquipmentTrackingOperationsMoveCorrectionHlp_files\image002.jpg
HLP\EMS\EquipmentTrackingOperationsLogisticFlagAttachDetachHlp_files\image008.jpg
HLP\EMS\EquipmentTrackingInquiryEquipmentOffHireInquirytHlp_files\image004.jpg
HLP\EMS\EquipmentTrackingInquiryEquipmentOffHireInquirytHlp_files\image026.jpg
HLP\EMS\EquipmentTrackingOperationsMoveEntryHlp_files\image002.jpg
HLP\EDI\EquipmentEDIMessageTrackingHlp_files\image004.jpg
HLP\VSS\VssOperationVesselAssignmentHlp_files\image002.jpg
HLP\CTF\CtfTariffPortSurchargeRatesHlp\CtfTariffPortSurchargeRatesHlp_files\image008.jpg
HLP\QTN\ApprovalEe\QtnEeApprovalHlp_files\image004.jpg
HLP\QTN\ApprovalRate\QtnRateApprovalHlp_files\image006.jpg
HLP\QTN\ApprovalBbk\QtnBbkApprovalHlp_files\image031.jpg
HLP\QTN\Entry\QtnQuotationEntryHlp_files\image016.jpg
HLP\QTN\Entry\QtnQuotationEntryHlp_files\image038.jpg
HLP\CA\CaROETableHlp_files\image002.jpg
SOP\CA\CaEquipmentTypeSop_files\image002.jpg
SOP\CA\CaEquipmentCategorySop_files\image002.jpg
BIZ\CA\CaDepotBiz_files\image004.jpg
HLP\CA\CaEquipmentTypeHlp_files\image004.jpg
HLP\CA\CaCommodityHlp_files\image002.jpg
HLP\CA\CaInlandPointHlp_files\image002.jpg
HLP\CA\CaPortHlp_files\image004.jpg
HLP\CA\CaCommentCategoryHlp_files\image004.jpg
HLP\CA\CaDepotlHlp_files\image006.jpg
HLP\CA\CaStateHlp_files\image004.jpg
HLP\CA\CaVesselHlp_files\image006.jpg
HLP\CA\CaAdministrationOfSystemLevelsHlp_files\image006.jpg
HLP\CA\CaEmailIdListHlp_files\image004.jpg
HLP\STR\StrProformaStorageChargesCalculationHlp_files\image004.jpg
HLP\CRM\CrmCustomerProfileHlp_files\image002.jpg
HLP\CRM\CrmCustomerProfileHlp_files\image024.jpg
HLP\CRM\CrmNewAccountHlp_files\image016.jpg
HLP\ELS\EmsLeaseMaintenanceLeaseContractHlp_files\image036.jpg
HLP\ELS\EmsLeaseMaintenanceLeaseContractHlp_files\image047.jpg
HLP\ELS\EmsLeaseMaintenanceLeaseContractHlp_files\image002.jpg
HLP\ELS\EmsLeaseMaintenanceLeaseAuthorizationHlp_files\image014.jpg
HLP\ELS\EmsLeaseProformaLeaseChargesCalculationHlp_files\image002.jpg
HLP\ELS\EquipmentSubleaseMaintenanceSubleaseAuthorizationHlp_files\image014.jpg
HLP\ELS\EmsLeaseProformaLeaseContractComparisonHlp_files\image010.jpg
HLP\VMS\VmsVendorCodeHlp_files\image012.jpg
HLP\EMS\EquipmentTrackingSetupEquipmentsystemValidationHlp_files\image006.jpg
HLP\EMS\EquipmentTrackingInquiryEquipmentInquiryHlp_files\image002.jpg
HLP\EMS\EquipmentEDIHardAndSoftErrorHandlingtHlp_files\image012.jpg
HLP\EMS\EquipmentTrackingSetupEquipmentMasterHlp_files\image002.jpg
HLP\EMS\EquipmentTrackingInquiryEquipmentOverdueInquiryHlp_files\image002.jpg
HLP\EMS\EquipmentTrackingOperationsAutoDischargeHlp_files\image008.jpg
HLP\EMS\EquipmentTrackingInquiryEquipmentOffHireInquirytHlp_files\image016.jpg
HLP\EMS\EquipmentTrackingOperationsBusinessRestrictionExemptionRequestHlp_files\image002.jpg
HLP\EMS\EquipmentTrackingOperationsMoveEntryHlp_files\image014.jpg
HLP\EMS\EquipmentTrackingOperationsMoveEntryHlp_files\image025.jpg
HLP\EDI\EquipmentEDIGenerateCOARRILoadDischargeHlp_files\image004.jpg
HLP\VSS\VssOperationDirectEntryProforrmaHlp_files\image002.jpg
HLP\CTF\CtfTariffGuidelineRatesHlp\CtfTariffGuidelineRatesHlp_files\image002.jpg
HLP\QTN\ApprovalBbk\QtnBbkApprovalHlp_files\image021.jpg
HLP\QTN\Entry\QtnQuotationEntryHlp_files\image006.jpg
HLP\QTN\Entry\QtnQuotationEntryHlp_files\image028.jpg
HLP\CA\CaChargeGroupHlp_files\image002.jpg
SOP\IJS\IjsLocationCodeSop_files\image002.jpg
SOP\CRM\CrmOperatorCodeSop_files\image002.jpg
SOP\EDI\EmsEDIMessageTrackingSop_files\image002.jpg
BIZ\CA\CaControlZoneBiz_files\image002.jpg
HLP\CA\CaAdministrationOfFscHlp_files\image008.jpg
HLP\CA\CaZoneHlp_files\image002.jpg
HLP\CA\CaShipmentTermHlp_files\image004.jpg
HLP\CA\CaTerminalHlp_files\image004.jpg
HLP\CA\CaTermsAndConditionsHlp_files\image006.jpg
HLP\CA\CaCommodityGroupHlp_files\image004.jpg
HLP\CA\CaSalesmanHlp_files\image006.jpg
HLP\CA\CaVesselHlp_files\image018.jpg
HLP\STR\StrSetupDepotStorageRateSetupHlp_files\image010.jpg
HLP\STR\StrProformaDepotMoveMaintenanceHlp_files\image002.jpg
HLP\CRM\CrmCustomerProfileHlp_files\image014.jpg
HLP\CRM\CrmOperatorCodeHlp_files\image002.jpg
HLP\CRM\CrmNewAccountHlp_files\image006.jpg
HLP\CRM\CrmNewAccountHlp_files\image028.jpg
HLP\CRM\CrmPrintNewCustomerHlp_files\image004.jpg
HLP\ELS\EmsLeaseMaintenanceLeaseContractHlp_files\image026.jpg
HLP\ELS\EmsLeaseMaintenanceLeaseContractHlp_files\image048.jpg
HLP\ELS\EmsLeaseMaintenanceLeaseContractHlp_files\image014.jpg
HLP\ELS\EmsLeaseMaintenanceConvertLongtermToPurchaseHlp_files\image012.jpg
HLP\ELS\EmsLeaseMaintenanceLeaseAuthorizationHlp_files\image004.jpg
HLP\ELS\EmsLeaseMaintenanceLeaseAuthorizationHlp_files\image026.jpg
HLP\ELS\EmsLeaseProformaLeaseChargesCalculationHlp_files\image014.jpg
HLP\ELS\EquipmentLeaseReportsMonthlyLeasingActivityReportHlp_files\image002.jpg
HLP\ELS\EquipmentLeaseReportsEstimatedRentalChargesHlp_files\image010.jpg
HLP\ELS\EquipmentLeaseProformaReportsLeaseProformaHlp_files\image012.jpg
HLP\ELS\EquipmentLeaseReportsLeaseChargesByPeriodHlp_files\image006.jpg
HLP\ELS\EquipmentSubleaseMaintenanceSubleaseAuthorizationHlp_files\image004.jpg
HLP\ELS\EquipmentSubleaseMaintenanceSubleaseAuthorizationHlp_files\image026.jpg
HLP\VMS\VmsVendorCodeHlp_files\image002.jpg
HLP\EMS\EquipmentTrackingInquiryEquipmentInquiryHlp_files\image014.jpg
HLP\EMS\EquipmentTrackingSetupActivityGroupSetupHlp_files\image002.jpg
HLP\EMS\EquipmentTrackingInquiryEquipmentExceptionInquiryHlp_files\image004.jpg
HLP\EMS\EquipmentEDIHardAndSoftErrorHandlingtHlp_files\image002.jpg
HLP\EMS\EquipmentTrackingOperationsMoveCorrectionHlp_files\image004.jpg
HLP\EMS\EquipmentTrackingSetupTurnAroundTimeSetupHlp_files\image002.jpg
HLP\EMS\EquipmentTrackingInquiryEquipmentOffHireInquirytHlp_files\image006.jpg
HLP\EMS\EquipmentTrackingInquiryEquipmentOffHireInquirytHlp_files\image028.jpg
HLP\EMS\EquipmentTrackingOperationsMoveEntryHlp_files\image004.jpg
HLP\EDI\EquipmentEDIMessageTrackingHlp_files\image006.jpg
HLP\EDI\EquipmentEDIEquipmentEnquiryHlp_files\image010.jpg
HLP\QTN\ApprovalEe\QtnEeApprovalHlp_files\image006.jpg
HLP\QTN\ApprovalRate\QtnRateApprovalHlp_files\image008.jpg
HLP\QTN\ApprovalBbk\QtnBbkApprovalHlp_files\image011.jpg
HLP\QTN\ApprovalBbk\QtnBbkApprovalHlp_files\image033.jpg
HLP\QTN\Entry\QtnQuotationEntryHlp_files\image018.jpg
HLP\CA\CaROETableHlp_files\image004.jpg
SOP\STR\StrDepotStorageContractCreationAmendmentSop_files\image002.jpg
SOP\CA\CaServiceGroupSop_files\image002.jpg
SOP\CA\CaAreaSop_files\image002.jpg
SOP\CA\CaRegionSop_files\image002.jpg
BIZ\CA\CaCountryBiz_files\image002.jpg
BIZ\CA\CaDepotBiz_files\image006.jpg
BIZ\CA\CAPackageKindBiz_files\image002.jpg
HLP\CA\CaEquipmentTypeHlp_files\image006.jpg
HLP\CA\CaEquipmentCategoryHlp_files\image002.jpg
HLP\CA\CaCommodityHlp_files\image004.jpg
HLP\CA\CaInlandPointHlp_files\image004.jpg
HLP\CA\CaPortHlp_files\image006.jpg
HLP\CA\CaCommentCategoryHlp_files\image006.jpg
HLP\CA\CaServiceGroupCodeHlp_files\image002.jpg
HLP\CA\CaStateHlp_files\image006.jpg
HLP\CA\CaVesselHlp_files\image008.jpg
HLP\CA\CaAdministrationOfSystemLevelsHlp_files\image008.jpg
HLP\STR\StrProformaStorageChargesCalculationHlp_files\image006.jpg
HLP\CRM\CrmCustomerProfileHlp_files\image004.jpg
HLP\CRM\CrmCustomerProfileHlp_files\image026.jpg
HLP\CRM\CrmNewAccountHlp_files\image018.jpg
HLP\ELS\EmsLeaseMaintenanceLeaseContractHlp_files\image004.jpg
HLP\ELS\EmsLeaseMaintenanceConvertLongtermToPurchaseHlp_files\image002.jpg
HLP\ELS\EmsLeaseMaintenanceLeaseAuthorizationHlp_files\image016.jpg
HLP\ELS\EmsLeaseProformaLeaseChargesCalculationHlp_files\image004.jpg
HLP\ELS\EquipmentLeaseProformaReportsLeaseProformaHlp_files\image002.jpg
HLP\ELS\EquipmentSubleaseMaintenanceSubleaseAuthorizationHlp_files\image016.jpg
HLP\ELS\EmsLeaseProformaLeaseContractComparisonHlp_files\image012.jpg
HLP\VMS\VmsVendorCodeHlp_files\image014.jpg
HLP\EMS\EquipmentTrackingInquiryEquipmentInquiryHlp_files\image004.jpg
HLP\EMS\EquipmentEDIHardAndSoftErrorHandlingtHlp_files\image014.jpg
HLP\EMS\EquipmentTrackingSetupEquipmentMasterHlp_files\image004.jpg
HLP\EMS\EquipmentTrackingInquiryEquipmentOffHireInquirytHlp_files\image018.jpg
HLP\EMS\EquipmentTrackingOperationsBusinessRestrictionExemptionRequestHlp_files\image004.jpg
HLP\EMS\EquipmentTrackingOperationsMoveEntryHlp_files\image016.jpg
HLP\VSS\VssOperationDirectEntryProforrmaHlp_files\image004.jpg
HLP\VSS\VssOperationVesselAssignmentHlp_files\image005.jpg
HLP\CTF\CtfTariffGuidelineRatesHlp\CtfTariffGuidelineRatesHlp_files\image004.jpg
HLP\QTN\ApprovalBbk\QtnBbkApprovalHlp_files\image023.jpg
HLP\QTN\Entry\QtnQuotationEntryHlp_files\image008.jpg
HLP\QTN\Entry\QtnQuotationEntryHlp_files\image090.jpg
HLP\CA\CaChargeGroupHlp_files\image004.jpg
SOP\CRM\CrmIndustryMasterSop_files\image001.gif
SOP\ELS\ElsLeasingProformaGenerationSop_files\image002.jpg
BIZ\CA\CAServiceBiz_files\image002.jpg
HLP\CA\CaZoneHlp_files\image004.jpg
HLP\CA\CaShipmentTermHlp_files\image006.jpg
HLP\CA\CaTerminalHlp_files\image006.jpg
HLP\CA\CaTermsAndConditionsHlp_files\image008.jpg
HLP\CA\CaCommodityGroupHlp_files\image006.jpg
HLP\STR\StrProformaDepotMoveMaintenanceHlp_files\image004.jpg
HLP\CRM\CrmCustomerProfileHlp_files\image016.jpg
HLP\CRM\CrmOperatorCodeHlp_files\image004.jpg
HLP\CRM\CrmNewAccountHlp_files\image008.jpg
HLP\ELS\EmsLeaseMaintenanceLeaseContractHlp_files\image028.jpg
HLP\ELS\EmsLeaseMaintenanceLeaseContractHlp_files\image016.jpg
HLP\ELS\EmsLeaseMaintenanceConvertLongtermToPurchaseHlp_files\image014.jpg
HLP\ELS\EmsLeaseMaintenanceLeaseAuthorizationHlp_files\image006.jpg
HLP\ELS\EmsLeaseMaintenanceLeaseAuthorizationHlp_files\image028.jpg
HLP\ELS\EquipmentLeaseReportsMonthlyLeasingActivityReportHlp_files\image004.jpg
HLP\ELS\EquipmentLeaseReportsEstimatedRentalChargesHlp_files\image012.jpg
HLP\ELS\EquipmentLeaseProformaReportsLeaseProformaHlp_files\image014.jpg
HLP\ELS\EquipmentLeaseReportsLeaseChargesByPeriodHlp_files\image008.jpg
HLP\ELS\EquipmentSubleaseMaintenanceSubleaseAuthorizationHlp_files\image006.jpg
HLP\ELS\EquipmentSubleaseMaintenanceSubleaseAuthorizationHlp_files\image028.jpg
HLP\ELS\EquipmentSubLeaseMonthlySubleaseActivityReportHlp_files\image007.gif
HLP\ELS\EmsLeaseProformaLeaseContractComparisonHlp_files\image002.jpg
HLP\VMS\VmsVendorCodeHlp_files\image004.jpg
HLP\EMS\EquipmentTrackingSetupActivityGroupSetupHlp_files\image004.jpg
HLP\EMS\EquipmentEDIHardAndSoftErrorHandlingtHlp_files\image004.jpg
HLP\EMS\EquipmentTrackingOperationsMoveCorrectionHlp_files\image006.jpg
HLP\EMS\EquipmentTrackingSetupTurnAroundTimeSetupHlp_files\image004.jpg
HLP\EMS\EquipmentTrackingInquiryEquipmentOffHireInquirytHlp_files\image008.jpg
HLP\EMS\EquipmentTrackingOperationsMoveEntryHlp_files\image006.jpg
HLP\EDI\EquipmentEDIMessageTrackingHlp_files\image008.jpg
HLP\EDI\EquipmentEDIEquipmentEnquiryHlp_files\image012.jpg
HLP\CTF\CtfSetupLocationRestrictionMaintenance\CtfSetupLocationRestrictionMaintenanceHlp_files\image002.jpg
HLP\QTN\ApprovalDnd\QtnDndApprovalHlp_files\image020.jpg
HLP\QTN\ApprovalEe\QtnEeApprovalHlp_files\image008.jpg
HLP\QTN\Inquiry\QtnInquiryQuotationInquiryHlp_files\image002.jpg
HLP\QTN\ApprovalBbk\QtnBbkApprovalHlp_files\image002.jpg
HLP\QTN\ApprovalBbk\QtnBbkApprovalHlp_files\image013.jpg
HLP\QTN\ApprovalBbk\QtnBbkApprovalHlp_files\image035.jpg
HLP\QTN\Entry\QtnQuotationEntryHlp_files\image080.jpg
SOP\CRM\CrmOrganizationTypeSop_files\image002.jpg
SOP\CRM\CrmNewAccountSop_files\image002.jpg
HLP\CA\CaAreaHlp_files\image002.jpg
HLP\CA\CaCountryHlp_files\image011.jpg
HLP\CA\CaEquipmentCategoryHlp_files\image004.jpg
HLP\CA\CaCommodityHlp_files\image006.jpg
HLP\CA\CaPackageMaterialHlp_files\image002.jpg
HLP\CA\CaInlandPointHlp_files\image006.jpg
HLP\CA\CaPortHlp_files\image008.jpg
HLP\CA\CaCommentCategoryHlp_files\image008.jpg
HLP\CA\CaServiceGroupCodeHlp_files\image004.jpg
HLP\STR\StrSetupDepotStorageRateSetupHlp_files\image002.jpg
HLP\STR\StrProformaStorageProformaHlp_files\image002.jpg
HLP\STR\StrProformaStorageChargesCalculationHlp_files\image008.jpg
HLP\CRM\CrmCustomerProfileHlp_files\image006.jpg
HLP\CRM\CrmCustomerProfileHlp_files\image028.jpg
HLP\ELS\EmsLeaseMaintenanceLeaseContractHlp_files\image006.jpg
HLP\ELS\EmsLeaseMaintenanceConvertLongtermToPurchaseHlp_files\image004.jpg
HLP\ELS\EmsLeaseMaintenanceLeaseAuthorizationHlp_files\image018.jpg
HLP\ELS\EmsLeaseProformaLeaseChargesCalculationHlp_files\image006.jpg
HLP\ELS\EquipmentLeaseReportsEstimatedRentalChargesHlp_files\image002.jpg
HLP\ELS\EquipmentLeaseProformaReportsLeaseProformaHlp_files\image004.jpg
HLP\ELS\EquipmentSubleaseMaintenanceSubleaseAuthorizationHlp_files\image018.jpg
HLP\ELS\EmsLeaseProformaLeaseContractComparisonHlp_files\image014.jpg
HLP\VMS\VmsVendorCodeHlp_files\image016.jpg
HLP\EMS\EquipmentTrackingOperationsBusinessRestrictionExemptionApprovalHlp_files\image002.jpg
HLP\EMS\EquipmentTrackingInquiryEquipmentInquiryHlp_files\image006.jpg
HLP\EMS\EquipmentTrackingSetupEquipmentMasterHlp_files\image006.jpg
HLP\EMS\EquipmentTrackingSetupActivityPairSetupHlp_files\image002.jpg
HLP\EMS\EquipmentTrackingInquiryEquipmentOverdueInquiryHlp_files\image006.jpg
HLP\EMS\EquipmentTrackingSetupActivityReportingGroupSetupHlp_files\image002.jpg
HLP\EDI\EquipmentEDIEquipmentEnquiryHlp_files\image002.jpg
HLP\VSS\VssOperationDirectEntryProforrmaHlp_files\image006.jpg
HLP\VSS\VssOperationVesselAssignmentHlp_files\image007.jpg
HLP\CTF\CtfReportGuidelineRatesHlp\CtfReportGuidelineRatesHlp_files\image002.jpg
HLP\QTN\ApprovalDnd\QtnDndApprovalHlp_files\image010.jpg
HLP\QTN\ApprovalBbk\QtnBbkApprovalHlp_files\image025.jpg
HLP\QTN\Entry\QtnQuotationEntryHlp_files\image070.jpg
HLP\QTN\Entry\QtnQuotationEntryHlp_files\image092.jpg
SOP\CA\CaAdministrationOfSystemLevelsSop_files\image002.jpg
SOP\CA\CaPackageMaterialSop_files\image002.jpg
SOP\CRM\CrmDocumentMasterSop_files\image001.gif
SOP\ELS\ELsLeasingDirectInterchangeSop_files\image002.jpg
HLP\CA\CaServiceHlp_files\image010.jpg
HLP\CA\CaShipmentTermHlp_files\image008.jpg
HLP\CA\CaTerminalHlp_files\image008.jpg
HLP\CA\CaExchangeRateInquiryHlp_files\image002.jpg
HLP\CRM\CrmCustomerProfileHlp_files\image018.jpg
HLP\CRM\CrmFilterNameHlp_files\image002.jpg
HLP\ELS\EquipmentSubleaseMaintenanceSubleaseContractHlp_files\image030.jpg
HLP\ELS\EmsLeaseMaintenanceLeaseContractHlp_files\image018.jpg
HLP\ELS\EmsLeaseMaintenanceConvertLongtermToPurchaseHlp_files\image016.jpg
HLP\ELS\EmsLeaseMaintenanceLeaseAuthorizationHlp_files\image008.jpg
HLP\ELS\EquipmentLeaseReportsMonthlyLeasingActivityReportHlp_files\image006.jpg
HLP\ELS\EquipmentLeaseSetupLessorLesseeMasterHlp_files\image020.jpg
HLP\ELS\EquipmentSubleaseMaintenanceSubleaseAuthorizationHlp_files\image008.jpg
HLP\ELS\EmsLeaseProformaLeaseContractComparisonHlp_files\image004.jpg
HLP\VMS\VmsVendorCodeHlp_files\image006.jpg
HLP\EMS\EquipmentTrackingSetupEquipmentGradeHlp_files\image002.jpg
HLP\EMS\EquipmentTrackingOperationsOnOffHireHlp_files\image010.jpg
HLP\EMS\EquipmentEDIHardAndSoftErrorHandlingtHlp_files\image006.jpg
HLP\EMS\EquipmentTrackingInquiryEquipmentAvailabilityInquiryHlp_files\image020.jpg
HLP\EMS\EquipmentTrackingOperationsMoveCorrectionHlp_files\image008.jpg
HLP\EMS\EquipmentTrackingOperationsMoveEntryHlp_files\image008.jpg
HLP\EMS\EquipmentTrackingOperationsMoveEntryHlp_files\image019.jpg
HLP\VSS\VssSetupTerminalCutOffTimeHlp_files\image002.jpg
HLP\CTF\CtfTariffGlobalRateChangesHlp\CtfTariffGlobalRateChangesHlp_files\image010.jpg
HLP\CTF\CtfSetupLocationRestrictionMaintenance\CtfSetupLocationRestrictionMaintenanceHlp_files\image004.jpg
HLP\QTN\ApprovalDnd\QtnDndApprovalHlp_files\image022.jpg
HLP\QTN\ApprovalBbk\QtnBbkApprovalHlp_files\image004.jpg
HLP\QTN\ApprovalBbk\QtnBbkApprovalHlp_files\image015.jpg
HLP\QTN\ApprovalBbk\QtnBbkApprovalHlp_files\image037.jpg
HLP\QTN\Entry\QtnQuotationEntryHlp_files\image060.jpg
HLP\QTN\Entry\QtnQuotationEntryHlp_files\image082.jpg
HLP\CA\CaContentTypeHlp_files\image002.jpg
SOP\CA\CaShipmentTermSop_files\image002.jpg
HLP\CA\CaAreaHlp_files\image004.jpg
HLP\CA\CaCountryHlp_files\image013.jpg
HLP\CA\CaPackageMaterialHlp_files\image004.jpg
HLP\CA\CaServiceGroupCodeHlp_files\image006.jpg
HLP\STR\StrSetupDepotStorageRateSetupHlp_files\image004.jpg
HLP\STR\StrProformaStorageProformaHlp_files\image004.jpg
HLP\CRM\CrmCustomerProfileHlp_files\image008.jpg
HLP\CRM\CrmOrganizationTypeHlp_files\image002.jpg
HLP\ELS\EquipmentSubleaseMaintenanceSubleaseContractHlp_files\image020.jpg
HLP\ELS\EmsLeaseMaintenanceLeaseContractHlp_files\image008.jpg
HLP\ELS\EmsLeaseMaintenanceConvertLongtermToPurchaseHlp_files\image006.jpg
HLP\ELS\EmsLeaseProformaLeaseChargesCalculationHlp_files\image008.jpg
HLP\ELS\EmsLeaseProformaLeaseContractInquiryHlp_files\image010.jpg
HLP\ELS\EquipmentLeaseReportsEstimatedRentalChargesHlp_files\image004.jpg
HLP\ELS\EquipmentLeaseProformaReportsLeaseProformaHlp_files\image006.jpg
HLP\ELS\EquipmentLeaseSetupLessorLesseeMasterHlp_files\image010.jpg
HLP\ELS\EquipmentSubleaseBillingReportsSubleaseBillingInvoiceGenerationHlp_files\image002.jpg
HLP\VMS\VmsVendorCodeHlp_files\image018.jpg
HLP\EMS\EquipmentTrackingOperationsBusinessRestrictionExemptionApprovalHlp_files\image004.jpg
HLP\EMS\EquipmentTrackingInquiryEquipmentInquiryHlp_files\image008.jpg
HLP\EMS\EquipmentTrackingOperationsSubleaseMoveEntryHlp_files\image010.jpg
HLP\EMS\EquipmentTrackingSetupEquipmentMasterHlp_files\image008.jpg
HLP\EMS\EquipmentTrackingSetupActivityPairSetupHlp_files\image004.jpg
HLP\EMS\EquipmentTrackingSetupEquipmentBusinessRestrictionsSetupHlp_files\image002.jpg
HLP\EMS\EquipmentTrackingSetupActivityReportingGroupSetupHlp_files\image004.jpg
HLP\EMS\EquipmentTrackingOperationsMoveEntryHlp_files\image017.gif
HLP\EDI\EquipmentEDIEquipmentEnquiryHlp_files\image004.jpg
HLP\QTN\ApprovalDnd\QtnDndApprovalHlp_files\image012.jpg
HLP\QTN\ApprovalBbk\QtnBbkApprovalHlp_files\image005.jpg
HLP\QTN\ApprovalBbk\QtnBbkApprovalHlp_files\image027.jpg
HLP\QTN\InquiryProductCatalogue\QtnInquiryProductCatalogueHlp_files\image002.jpg
HLP\QTN\Entry\QtnQuotationEntryHlp_files\image050.jpg
HLP\QTN\Entry\QtnQuotationEntryHlp_files\image072.jpg
HLP\QTN\Entry\QtnQuotationEntryHlp_files\image094.jpg
SOP\CA\CaVesselSop_files\image002.jpg
SOP\CA\CaControlZoneSop_files\image002.jpg
SOP\CA\CaDivisionMasterSop_files\image002.jpg
SOP\CA\CaPackageKindSop_files\image002.jpg
BIZ\CA\CAInlandPointBiz_files\image002.jpg
BIZ\CA\CAStateBiz_files\image002.jpg
BIZ\CA\CAConsortiumCodeBiz_files\image002.jpg
HLP\CA\CaCountryHlp_files\image003.jpg
HLP\CA\CaRateSetupHlp_files\image010.jpg
HLP\STR\StrReportsVatTaxRecoveryReportHlp_files\image002.jpg
HLP\ELS\EquipmentSubleaseMaintenanceSubleaseContractHlp_files\image032.jpg
HLP\ELS\EquipmentSubleaseMaintenanceSubleaseContractHlp_files\image010.jpg
HLP\ELS\EquipmentSubleaseBillingReportsSubleaseBillingCalculationHlp_files\image010.jpg
HLP\ELS\EmsLeaseMaintenanceConvertLongtermToPurchaseHlp_files\image018.jpg
HLP\ELS\EquipmentLeaseReportsMonthlyLeasingActivityReportHlp_files\image008.jpg
HLP\ELS\EquipmentLeaseSetupLessorLesseeMasterHlp_files\image022.jpg
HLP\ELS\EmsLeaseProformaLeaseContractComparisonHlp_files\image006.jpg
HLP\VMS\VmsVendorCodeHlp_files\image008.jpg
HLP\EMS\EquipmentTrackingSetupLogisticFlagSetupHlp_files\image002.jpg
HLP\EMS\EquipmentTrackingSetupEquipmentGradeHlp_files\image004.jpg
HLP\EMS\EquipmentTrackingOperationsAutoLoadHlp_files\image002.jpg
HLP\EMS\EquipmentTrackingOperationsOnOffHireHlp_files\image012.jpg
HLP\EMS\EquipmentEDIHardAndSoftErrorHandlingtHlp_files\image008.jpg
HLP\VSS\VssSetupTerminalCutOffTimeHlp_files\image004.jpg
HLP\CTF\CtfTariffGlobalRateChangesHlp\CtfTariffGlobalRateChangesHlp_files\image012.jpg
HLP\CTF\CtfTariffPortSurchargeRatesHlp\CtfTariffPortSurchargeRatesHlp_files\image010.jpg
HLP\CTF\CtfSetupLocationRestrictionMaintenance\CtfSetupLocationRestrictionMaintenanceHlp_files\image006.jpg
HLP\QTN\ApprovalDnd\QtnDndApprovalHlp_files\image002.jpg
HLP\QTN\ApprovalDnd\QtnDndApprovalHlp_files\image024.jpg
HLP\QTN\ApprovalBbk\QtnBbkApprovalHlp_files\image017.jpg
HLP\QTN\Entry\QtnQuotationEntryHlp_files\image040.jpg
HLP\QTN\Entry\QtnQuotationEntryHlp_files\image062.jpg
HLP\QTN\Entry\QtnQuotationEntryHlp_files\image084.jpg
SOP\STR\StrDepotStorageInvoiceDisputeSop_files\image002.jpg
HLP\CA\CaContentTypeHlp_files\image004.jpg
SOP\CA\CaStateSop_files\image002.jpg
BIZ\CA\CAPortBiz_files\image002.jpg
HLP\CA\CaServiceHlp_files\image002.jpg
HLP\CA\CaCountryHlp_files\image001.gif
HLP\CA\CaDivisionMasterHlp_files\image002.jpg
HLP\STR\StrSetupDepotStorageRateSetupHlp_files\image006.jpg
HLP\STR\StrProformaStorageProformaHlp_files\image006.jpg
HLP\CRM\CrmOrganizationTypeHlp_files\image004.jpg
HLP\ELS\EquipmentSubleaseMaintenanceSubleaseContractHlp_files\image022.jpg
HLP\ELS\EmsLeaseMaintenanceConvertLongtermToPurchaseHlp_files\image008.jpg
HLP\ELS\EmsLeaseProformaLeaseContractInquiryHlp_files\image012.jpg
HLP\ELS\EquipmentLeaseReportsEstimatedRentalChargesHlp_files\image006.jpg
HLP\ELS\EquipmentLeaseProformaReportsLeaseProformaHlp_files\image008.jpg
HLP\ELS\EquipmentLeaseSetupLessorLesseeMasterHlp_files\image012.jpg
HLP\ELS\EquipmentSubleaseBillingReportsSubleaseBillingInvoiceGenerationHlp_files\image004.jpg
HLP\EMS\EquipmentTrackingOperationsOnOffHireHlp_files\image002.jpg
HLP\EMS\EquipmentTrackingInquiryEquipmentAvailabilityInquiryHlp_files\image012.jpg
HLP\EMS\EquipmentTrackingSetupEquipmentBusinessRestrictionsSetupHlp_files\image004.jpg
HLP\EDI\EquipmentEDIEquipmentEnquiryHlp_files\image006.jpg
HLP\VSS\VssOperationDeleteVoyageHlp_files\image002.jpg
HLP\CTF\CtfTariffGlobalRateChangesHlp\CtfTariffGlobalRateChangesHlp_files\image002.jpg
HLP\CTF\CtfSetupPortGroupHlp\CtfSetupPortGroupHlp_files\image002.jpg
HLP\QTN\ApprovalDnd\QtnDndApprovalHlp_files\image014.jpg
HLP\QTN\ApprovalBbk\QtnBbkApprovalHlp_files\image007.jpg
HLP\QTN\ApprovalBbk\QtnBbkApprovalHlp_files\image029.jpg
HLP\QTN\InquiryProductCatalogue\QtnInquiryProductCatalogueHlp_files\image004.jpg
HLP\QTN\Entry\QtnQuotationEntryHlp_files\image030.jpg
HLP\QTN\Entry\QtnQuotationEntryHlp_files\image052.jpg
HLP\QTN\Entry\QtnQuotationEntryHlp_files\image074.jpg
HLP\QTN\Entry\QtnQuotationEntryHlp_files\image096.jpg
BIZ\CA\CAInlandPointBiz_files\image004.jpg
BIZ\CA\CAConsortiumCodeBiz_files\image004.jpg
BIZ\CA\CaRegionBiz_files\image002.jpg
HLP\CA\CaCountryHlp_files\image005.jpg
HLP\CA\CaRegionHlp_files\image002.jpg
HLP\CA\CaVesselHlp_files\image020.jpg
HLP\ELS\EquipmentSubleaseMaintenanceSubleaseContractHlp_files\image034.jpg
HLP\ELS\EquipmentSubleaseMaintenanceSubleaseContractHlp_files\image012.jpg
HLP\ELS\EquipmentSubleaseBillingReportsSubleaseBillingCalculationHlp_files\image012.jpg
HLP\ELS\EmsLeaseMaintenanceLeaseContractHlp_files\image050.jpg
HLP\ELS\EmsLeaseProformaLeaseContractInquiryHlp_files\image002.jpg
HLP\ELS\EquipmentLeaseSetupLessorLesseeMasterHlp_files\image024.jpg
HLP\ELS\EquipmentLeaseSetupLessorLesseeMasterHlp_files\image002.jpg
HLP\ELS\EmsLeaseProformaLeaseContractComparisonHlp_files\image008.jpg
HLP\EMS\EquipmentTrackingSetupLogisticFlagSetupHlp_files\image004.jpg
HLP\EMS\EquipmentTrackingOperationsAutoLoadHlp_files\image004.jpg
HLP\EMS\EquipmentTrackingOperationsOnOffHireHlp_files\image014.jpg
HLP\EMS\EquipmentTrackingOperationsSubleaseMoveEntryHlp_files\image002.jpg
HLP\EMS\EquipmentTrackingInquiryEquipmentAvailabilityInquiryHlp_files\image002.jpg
HLP\EMS\EquipmentTrackingOperationsBulkMoveCorrectionHlp_files\image002.jpg
HLP\EMS\EquipmentTrackingSetupLogicGridHlp_files\image002.jpg
HLP\EMS\EquipmentTrackingInquiryEquipmentOffHireInquirytHlp_files\image030.jpg
HLP\VSS\VssSetupTerminalCutOffTimeHlp_files\image006.jpg
HLP\VSS\VssOperationVesselReplacementHlp_files\image003.jpg
HLP\CTF\CtfTariffGlobalRateChangesHlp\CtfTariffGlobalRateChangesHlp_files\image014.jpg
HLP\CTF\CtfSetupLocationRestrictionMaintenance\CtfSetupLocationRestrictionMaintenanceHlp_files\image008.jpg
HLP\QTN\ApprovalDnd\QtnDndApprovalHlp_files\image004.jpg
HLP\QTN\ApprovalDnd\QtnDndApprovalHlp_files\image026.jpg
HLP\QTN\ApprovalRate\QtnRateApprovalHlp_files\image010.jpg
HLP\QTN\ApprovalBbk\QtnBbkApprovalHlp_files\image019.jpg
HLP\QTN\Entry\QtnQuotationEntryHlp_files\image020.jpg
HLP\QTN\Entry\QtnQuotationEntryHlp_files\image042.jpg
HLP\QTN\Entry\QtnQuotationEntryHlp_files\image064.jpg
HLP\QTN\Entry\QtnQuotationEntryHlp_files\image086.jpg
SOP\CA\CaEmailIdListSop_files\image002.jpg
SOP\CA\CaConsortiumCodeSop_files\image002.jpg
SOP\ELS\EmsPickupPlanSop_files\image002.jpg
SOP\EDI\EmsEDIEquipmentEnquirySop_files\image002.jpg
BIZ\CA\CAPortBiz_files\image004.jpg
BIZ\CA\CAStateBiz_files\image005.jpg
BIZ\CA\CACommodityBiz_files\image002.jpg
DolphinAcademy\DaTrainingMoviesHlp_files\image001.gif
HLP\CA\CaServiceHlp_files\image004.jpg
HLP\CA\CaConsortiumCodeHlp_files\image002.jpg
HLP\CA\CaDivisionMasterHlp_files\image004.jpg
HLP\CA\CaRateSetupHlp_files\image002.jpg
HLP\CA\CaVesselHlp_files\image010.jpg
HLP\STR\StrSetupDepotStorageRateSetupHlp_files\image008.jpg
HLP\STR\StrProformaStorageProformaHlp_files\image008.jpg
HLP\CRM\CrmNewAccountHlp_files\image020.jpg
HLP\CRM\CrmIndustryMasterHlp_files\image002.jpg
HLP\ELS\EquipmentSubleaseMaintenanceSubleaseContractHlp_files\image024.jpg
HLP\ELS\EquipmentSubleaseMaintenanceSubleaseContractHlp_files\image035.jpg
HLP\ELS\EquipmentSubleaseMaintenanceSubleaseContractHlp_files\image002.jpg
HLP\ELS\EquipmentSubleaseBillingReportsSubleaseBillingCalculationHlp_files\image002.jpg
HLP\ELS\EquipmentLeaseReportsEstimatedRentalChargesHlp_files\image008.jpg
HLP\ELS\EquipmentLeaseSetupLessorLesseeMasterHlp_files\image014.jpg
HLP\ELS\EquipmentSubleaseBillingReportsSubleaseBillingInvoiceGenerationHlp_files\image006.jpg
HLP\EMS\EquipmentTrackingOperationsOnOffHireHlp_files\image004.jpg
HLP\EMS\EquipmentTrackingInquiryEquipmentAvailabilityInquiryHlp_files\image014.jpg
HLP\EMS\EquipmentTrackingOperationsLogisticFlagAttachDetachHlp_files\image002.jpg
HLP\EMS\EquipmentTrackingInquiryEquipmentOffHireInquirytHlp_files\image020.jpg
HLP\EDI\EquipmentEDIEquipmentEnquiryHlp_files\image008.jpg
HLP\VSS\VssSetupPortDistanceHlp_files\image002.jpg
HLP\VSS\VssOperationDirectEntryProforrmaHlp_files\image009.gif
HLP\CTF\CtfTariffGlobalRateChangesHlp\CtfTariffGlobalRateChangesHlp_files\image004.jpg
HLP\CTF\CtfTariffPortSurchargeRatesHlp\CtfTariffPortSurchargeRatesHlp_files\image002.jpg
HLP\CTF\CtfSetupPortGroupHlp\CtfSetupPortGroupHlp_files\image004.jpg
HLP\QTN\ApprovalDnd\QtnDndApprovalHlp_files\image016.jpg
HLP\QTN\ApprovalBbk\QtnBbkApprovalHlp_files\image009.jpg
HLP\QTN\Entry\QtnQuotationEntryHlp_files\image010.jpg
HLP\QTN\Entry\QtnQuotationEntryHlp_files\image032.jpg
HLP\QTN\Entry\QtnQuotationEntryHlp_files\image054.jpg
HLP\QTN\Entry\QtnQuotationEntryHlp_files\image076.jpg
SOP\EMS\EmsHardSoftErrorHandlingSop_files\image002.jpg
BIZ\CA\CAInlandPointBiz_files\image006.jpg
BIZ\CA\CASalesmanBiz_files\image002.jpg
BIZ\CA\CAStateBiz_files\image003.gif
BIZ\CA\CaZoneBiz_files\image002.jpg
HLP\CA\CaCountryHlp_files\image007.jpg
HLP\CA\CaRegionHlp_files\image004.jpg
HLP\CA\CaTermsAndConditionsHlp_files\image010.jpg
HLP\CA\CaVesselHlp_files\image022.jpg
HLP\CRM\CrmNewAccountHlp_files\image010.jpg
HLP\ELS\EquipmentSubleaseMaintenanceSubleaseContractHlp_files\image014.jpg
HLP\ELS\EmsLeaseMaintenanceLeaseContractHlp_files\image030.jpg
HLP\ELS\EmsLeaseMaintenanceLeaseAuthorizationHlp_files\image030.jpg
HLP\ELS\EmsLeaseProformaLeaseContractInquiryHlp_files\image004.jpg
HLP\ELS\EquipmentLeaseReportsLeaseChargesByPeriodHlp_files\image010.jpg
HLP\ELS\EquipmentLeaseSetupLessorLesseeMasterHlp_files\image004.jpg
HLP\ELS\EquipmentSubleaseMaintenanceSubleaseAuthorizationHlp_files\image030.jpg
HLP\ELS\EquipmentLeaseReportsMonthlyLeasingContainerReportHlp_files\image002.jpg
HLP\EMS\EquipmentTrackingOperationsAutoLoadHlp_files\image006.jpg
HLP\EMS\EquipmentTrackingOperationsSubleaseMoveEntryHlp_files\image004.jpg
HLP\EMS\EquipmentTrackingInquiryEquipmentAvailabilityInquiryHlp_files\image004.jpg
HLP\EMS\EquipmentTrackingOperationsBulkMoveCorrectionHlp_files\image004.jpg
HLP\EMS\EquipmentTrackingOperationsAutoDischargeHlp_files\image002.jpg
HLP\EMS\EquipmentTrackingSetupLogicGridHlp_files\image004.jpg
HLP\EMS\EquipmentTrackingInquiryEquipmentOffHireInquirytHlp_files\image010.jpg
HLP\EMS\EquipmentTrackingInquiryEquipmentOffHireInquirytHlp_files\image032.jpg
HLP\EDI\EquipmentEDIMessageTrackingHlp_files\image010.jpg
HLP\CTF\CtfTariffGlobalRateChangesHlp\CtfTariffGlobalRateChangesHlp_files\image016.jpg
HLP\QTN\ApprovalDnd\QtnDndApprovalHlp_files\image006.jpg
HLP\QTN\ApprovalEe\QtnEeApprovalHlp_files\image010.jpg
HLP\QTN\ApprovalRate\QtnRateApprovalHlp_files\image012.jpg
HLP\QTN\Entry\QtnQuotationEntryHlp_files\image022.jpg
HLP\QTN\Entry\QtnQuotationEntryHlp_files\image044.jpg
HLP\QTN\Entry\QtnQuotationEntryHlp_files\image066.jpg
HLP\QTN\Entry\QtnQuotationEntryHlp_files\image088.jpg
SOP\CA\CaSalesmanSop_files\image002.jpg
SOP\CA\CaCountrySop_files\image002.jpg
SOP\CRM\CrmFilterNameSop_files\image002.jpg
BIZ\CA\CAPortBiz_files\image006.jpg
BIZ\CA\CaTerminalBiz_files\image002.jpg
BIZ\CA\CaServiceGroupBiz_files\image002.jpg
BIZ\CA\CACommodityGroupBiz_files\image002.jpg
BIZ\CA\CACommodityBiz_files\image004.jpg
HLP\CA\CaServiceHlp_files\image006.jpg
HLP\CA\CaAdministrationOfFscHlp_files\image002.jpg
HLP\CA\CaConsortiumCodeHlp_files\image004.jpg
HLP\CA\CaControlZoneHlp_files\image002.jpg
HLP\CA\CaDivisionMasterHlp_files\image006.jpg
HLP\CA\CaPackageKindHlp_files\image002.jpg
HLP\CA\CaPortHlp_files\image010.jpg
HLP\CA\CaRateSetupHlp_files\image004.jpg
HLP\CA\CaCommentCategoryHlp_files\image010.jpg
HLP\CA\CaVesselHlp_files\image012.jpg
HLP\CRM\CrmNewAccountHlp_files\image022.jpg
HLP\CRM\CrmDocumentMasterHlp_files\image002.jpg
HLP\CRM\CrmIndustryMasterHlp_files\image004.jpg
HLP\ELS\EquipmentSubleaseMaintenanceSubleaseContractHlp_files\image026.jpg
HLP\ELS\EquipmentSubleaseMaintenanceSubleaseContractHlp_files\image004.jpg
HLP\ELS\EquipmentSubleaseMaintenanceSubleaseContractHlp_files\image037.jpg
HLP\ELS\EquipmentSubleaseBillingReportsSubleaseBillingCalculationHlp_files\image004.jpg
HLP\ELS\EmsLeaseMaintenanceLeaseContractHlp_files\image020.jpg
HLP\ELS\EmsLeaseMaintenanceLeaseContractHlp_files\image042.jpg
HLP\ELS\EmsLeaseMaintenanceLeaseAuthorizationHlp_files\image020.jpg
HLP\ELS\EquipmentLeaseSetupLessorLesseeMasterHlp_files\image016.jpg
HLP\ELS\EquipmentSubleaseMaintenanceSubleaseAuthorizationHlp_files\image020.jpg
HLP\ELS\EquipmentSubLeaseMonthlySubleaseActivityReportHlp_files\image002.jpg
HLP\EMS\EquipmentTrackingSetupActivityCodeSetupHlp_files\image002.jpg
HLP\EMS\EquipmentTrackingOperationsOnOffHireHlp_files\image006.jpg
HLP\EMS\EquipmentTrackingInquiryEquipmentAvailabilityInquiryHlp_files\image016.jpg
HLP\EMS\EquipmentTrackingOperationsLogisticFlagAttachDetachHlp_files\image004.jpg
HLP\EMS\EquipmentTrackingInquiryEquipmentOffHireInquirytHlp_files\image022.jpg
Welcome_files\image002.jpg
HLP\CTF\CtfReportPortSurchargeRatesHlp\CtfReportPortSurchargeRatesHlp_files\image002.jpg
HLP\CTF\CtfTariffGlobalRateChangesHlp\CtfTariffGlobalRateChangesHlp_files\image006.jpg
HLP\CTF\CtfTariffPortSurchargeRatesHlp\CtfTariffPortSurchargeRatesHlp_files\image004.jpg
HLP\QTN\ApprovalDnd\QtnDndApprovalHlp_files\image018.jpg
HLP\QTN\ApprovalRate\QtnRateApprovalHlp_files\image002.jpg
HLP\QTN\Entry\QtnQuotationEntryHlp_files\image012.jpg
HLP\QTN\Entry\QtnQuotationEntryHlp_files\image034.jpg
HLP\QTN\Entry\QtnQuotationEntryHlp_files\image056.jpg
HLP\QTN\Entry\QtnQuotationEntryHlp_files\image078.jpg
SOP\CA\CaServiceSop_files\image002.jpg
SOP\CA\CaCommoditySop_files\image002.jpg
SOP\CA\CaInlandpointSop_files\image002.jpg
SOP\CA\CaPortSop_files\image002.jpg
SOP\CA\CaTermsAndConditionsSop_files\image002.jpg
SOP\SBL\SblSubLeasingContractSetupSop_files\image002.jpg
SOP\EDI\EmsEDIGenerateCOARRILoadDischargeSop_files\image002.jpg
BIZ\CA\CASalesmanBiz_files\image004.jpg
HLP\CA\CaCountryHlp_files\image009.jpg
HLP\CA\CaTermsAndConditionsHlp_files\image012.jpg
HLP\CA\CaDepotlHlp_files\image002.jpg
HLP\CA\CaVesselHlp_files\image024.jpg
HLP\CA\CaVesselHlp_files\image002.jpg
HLP\CA\CaAdministrationOfSystemLevelsHlp_files\image002.jpg
HLP\CRM\CrmCustomerProfileHlp_files\image020.jpg
HLP\CRM\CrmNewAccountHlp_files\image012.jpg
HLP\ELS\EquipmentSubleaseMaintenanceSubleaseContractHlp_files\image016.jpg
HLP\ELS\EmsLeaseMaintenanceLeaseContractHlp_files\image032.jpg
HLP\ELS\EmsLeaseMaintenanceLeaseContractHlp_files\image043.jpg
HLP\ELS\EmsLeaseMaintenanceLeaseAuthorizationHlp_files\image010.jpg
HLP\ELS\EmsLeaseMaintenanceLeaseAuthorizationHlp_files\image032.jpg
HLP\ELS\EmsLeaseProformaLeaseContractInquiryHlp_files\image006.jpg
HLP\ELS\EquipmentLeaseReportsLeaseChargesByPeriodHlp_files\image012.jpg
HLP\ELS\EquipmentLeaseSetupLessorLesseeMasterHlp_files\image006.jpg
HLP\ELS\EquipmentSubleaseMaintenanceSubleaseAuthorizationHlp_files\image010.jpg
HLP\ELS\EquipmentLeaseReportsMonthlyLeasingContainerReportHlp_files\image004.jpg
HLP\EMS\EquipmentTrackingSetupEquipmentsystemValidationHlp_files\image002.jpg
HLP\EMS\EquipmentTrackingOperationsSubleaseMoveEntryHlp_files\image006.jpg
HLP\EMS\EquipmentTrackingSetupSerialMasterHlp_files\image002.jpg
HLP\EMS\EquipmentTrackingOperationsAutoDischargeHlp_files\image004.jpg
HLP\EMS\EquipmentTrackingSetupLogicGridHlp_files\image006.jpg
HLP\EMS\EquipmentTrackingInquiryEquipmentOffHireInquirytHlp_files\image012.jpg
HLP\EMS\EquipmentTrackingOperationsMoveEntryHlp_files\image010.jpg
HLP\EMS\EquipmentTrackingOperationsMoveEntryHlp_files\image021.jpg
BIZ\CA\Default_ns.css
default_ns.css
BIZ\CRM\Default_ns.css
BIZ\EDI\Default_ns.css
BIZ\EMS\Default_ns.css
BIZ\STR\Default_ns.css
BIZ\VMS\Default_ns.css
DolphinAcademy\Default_ns.css
HLP\CA\Default_ns.css
HLP\CRM\Default_ns.css
HLP\CTF\CtfReportPortSurchargeRatesHlp\Default_ns.css
HLP\CTF\CtfSetupLocationRestrictionMaintenance\Default_ns.css
HLP\CTF\CtfSetupPortGroupHlp\Default_ns.css
HLP\CTF\CtfTariffGlobalRateChangesHlp\Default_ns.css
HLP\CTF\CtfTariffGuidelineRatesHlp\Default_ns.css
HLP\CTF\CtfTariffPortSurchargeRatesHlp\Default_ns.css
HLP\CTF\CtfReportGuidelineRatesHlp\Default_ns.css
HLP\EDI\Default_ns.css
HLP\ELS\Default_ns.css
HLP\EMS\Default_ns.css
HLP\QTN\ApprovalBbk\QtnBbkApprovalHlp_ns.css
HLP\QTN\ApprovalDnd\Default_ns.css
HLP\QTN\ApprovalEe\Default_ns.css
HLP\QTN\ApprovalRate\Default_ns.css
HLP\QTN\Entry\Default_ns.css
HLP\QTN\Inquiry\Default_ns.css
HLP\QTN\InquiryProductCatalogue\Default_ns.css
HLP\STR\Default_ns.css
HLP\VMS\Default_ns.css
HLP\VSS\Default_ns.css
SOP\CA\Default_ns.css
SOP\CRM\Default_ns.css
SOP\CSPU\Default_ns.css
SOP\EDI\Default_ns.css
SOP\ELS\Default_ns.css
SOP\EMS\Default_ns.css
SOP\IJS\Default_ns.css
SOP\SBL\Default_ns.css
SOP\STR\Default_ns.css
whxdata\whtdata0.xml
whxdata\whidata0.xml
whxdata\whftdata0.xml
whxdata\whfwdata0.xml
whxdata\whgdata0.xml
whdata\whtdata0.htm
whdata\whidata0.htm
whdata\whftdata0.htm
whdata\whfwdata0.htm
whdata\whgdata0.htm
Dolphin_-_Online_Help.htm
Dolphin_-_Online_Help_csh.htm
Dolphin_-_Online_Help_rhc.htm
